Starting 10 particles on 1 thread.
Time: 0.41 (10)
Time: 0.43 (20)
Time: 0.46 (30)
Time: 0.49 (40)
Time: 0.52 (50)
Time: 0.56 (60)
Time: 0.59 (70)
Time: 0.62 (80)
Time: 0.65 (90)
Time: 0.69 (100)
Time: 0.73 (110)
Time: 0.77 (120)
Time: 0.82 (130)
Time: 0.86 (140)
Time: 0.90 (150)
Time: 0.94 (160)
Time: 0.99 (170)
Time: 1.04 (180)
Time: 1.09 (190)
Time: 1.14 (200)
Time: 1.18 (210)
Time: 1.22 (220)
Time: 1.27 (230)
Time: 1.31 (240)
Time: 1.35 (250)
Time: 1.40 (260)
Time: 1.44 (270)
Time: 1.49 (280)
Time: 1.53 (290)
Time: 1.57 (300)
Time: 1.61 (310)
Time: 1.66 (320)
Time: 1.70 (330)
Time: 1.74 (340)
Time: 1.78 (350)
Time: 1.82 (360)
Time: 1.86 (370)
Time: 1.90 (380)
Time: 1.95 (390)
Time: 1.99 (400)
Time: 2.04 (410)
Time: 2.09 (420)
Time: 2.13 (430)
Time: 2.18 (440)
Time: 2.23 (450)
Time: 2.27 (460)
Time: 2.31 (470)
Time: 2.35 (480)
Time: 2.40 (490)
Time: 2.45 (500)
Time: 2.50 (510)
Time: 2.55 (520)
Time: 2.59 (530)
Time: 2.64 (540)
Time: 2.69 (550)
Time: 2.76 (560)
Time: 2.81 (570)
Time: 2.86 (580)
Time: 2.91 (590)
Time: 2.96 (600)
Time: 3.03 (610)
Time: 3.18 (620)
Time: 3.29 (630)
Time: 3.34 (640)
Time: 3.39 (650)
Time: 3.44 (660)
Time: 3.49 (670)
Time: 3.55 (680)
Time: 3.60 (690)
Time: 3.66 (700)
Time: 3.72 (710)
Time: 3.77 (720)
Time: 3.82 (730)
Time: 3.88 (740)
Time: 3.94 (750)
Time: 3.99 (760)
Time: 4.05 (770)
Time: 4.11 (780)
Time: 4.16 (790)
Time: 4.22 (800)
Time: 4.27 (810)
Time: 4.32 (820)
Time: 4.37 (830)
Time: 4.42 (840)
Time: 4.48 (850)
Time: 4.53 (860)
Time: 4.58 (870)
Time: 4.64 (880)
Time: 4.69 (890)
Time: 4.75 (900)
Time: 4.80 (910)
Time: 4.85 (920)
Time: 4.90 (930)
Time: 4.96 (940)
Time: 5.01 (950)
Time: 5.07 (960)
Time: 5.12 (970)
Time: 5.17 (980)
Time: 5.23 (990)
Time: 5.28 (1000)
Time: 5.32 (1010)
Time: 5.37 (1020)
Time: 5.41 (1030)
Time: 5.46 (1040)
Time: 5.51 (1050)
Time: 5.56 (1060)
Time: 5.61 (1070)
Time: 5.66 (1080)
Time: 5.70 (1090)
Time: 5.75 (1100)
Time: 5.80 (1110)
Time: 5.85 (1120)
Time: 5.90 (1130)
Time: 5.94 (1140)
Time: 5.99 (1150)
Time: 6.05 (1160)
Time: 6.09 (1170)
Time: 6.14 (1180)
Time: 6.19 (1190)
Time: 6.24 (1200)
Time: 6.29 (1210)
Time: 6.34 (1220)
Time: 6.38 (1230)
Time: 6.43 (1240)
Time: 6.48 (1250)
Time: 6.53 (1260)
Time: 6.58 (1270)
Time: 6.64 (1280)
Time: 6.68 (1290)
Time: 6.73 (1300)
Time: 6.78 (1310)
Time: 6.84 (1320)
Time: 6.89 (1330)
Time: 6.94 (1340)
Time: 6.99 (1350)
Time: 7.06 (1360)
Time: 7.11 (1370)
Time: 7.16 (1380)
Time: 7.22 (1390)
Time: 7.27 (1400)
Time: 7.32 (1410)
Time: 7.38 (1420)
Time: 7.44 (1430)
Time: 7.51 (1440)
Time: 7.57 (1450)
Time: 7.63 (1460)
Time: 7.71 (1470)
Time: 7.78 (1480)
Time: 7.83 (1490)
Time: 7.89 (1500)
Time: 7.94 (1510)
Time: 8.00 (1520)
Time: 8.05 (1530)
Time: 8.11 (1540)
Time: 8.17 (1550)
Time: 8.23 (1560)
Time: 8.29 (1570)
Time: 8.34 (1580)
Time: 8.41 (1590)
Time: 8.47 (1600)
Time: 8.52 (1610)
Time: 8.59 (1620)
Time: 8.64 (1630)
Time: 8.70 (1640)
Time: 8.77 (1650)
Time: 8.84 (1660)
Time: 8.89 (1670)
Time: 8.95 (1680)
Time: 9.02 (1690)
Time: 9.08 (1700)
Time: 9.14 (1710)
Time: 9.19 (1720)
Time: 9.23 (1730)
Time: 9.29 (1740)
Time: 9.35 (1750)
Time: 9.40 (1760)
Time: 9.46 (1770)
Time: 9.51 (1780)
Time: 9.56 (1790)
Time: 9.62 (1800)
Time: 9.68 (1810)
Time: 9.75 (1820)
Time: 9.80 (1830)
Time: 9.85 (1840)
Time: 9.91 (1850)
Time: 9.96 (1860)
Time: 10.02 (1870)
Time: 10.07 (1880)
Time: 10.13 (1890)
Time: 10.19 (1900)
Time: 10.26 (1910)
Time: 10.32 (1920)
Time: 10.39 (1930)
Time: 10.45 (1940)
Time: 10.50 (1950)
Time: 10.56 (1960)
Time: 10.63 (1970)
Time: 10.69 (1980)
Time: 10.76 (1990)
Time: 10.82 (2000)
Time: 10.87 (2010)
Time: 10.94 (2020)
Time: 10.99 (2030)
Time: 11.07 (2040)
Time: 11.14 (2050)
Time: 11.20 (2060)
Time: 11.26 (2070)
Time: 11.32 (2080)
Time: 11.38 (2090)
Time: 11.44 (2100)
Time: 11.50 (2110)
Time: 11.56 (2120)
Time: 11.62 (2130)
Time: 11.67 (2140)
Time: 11.74 (2150)
Time: 11.81 (2160)
Time: 11.89 (2170)
Time: 11.96 (2180)
Time: 12.03 (2190)
Time: 12.10 (2200)
Time: 12.16 (2210)
Time: 12.24 (2220)
Time: 12.32 (2230)
Time: 12.39 (2240)
Time: 12.47 (2250)
Time: 12.54 (2260)
Time: 12.61 (2270)
Time: 12.67 (2280)
Time: 12.73 (2290)
Time: 12.79 (2300)
Time: 12.85 (2310)
Time: 12.90 (2320)
Time: 12.96 (2330)
Time: 13.02 (2340)
Time: 13.09 (2350)
Time: 13.14 (2360)
Time: 13.19 (2370)
Time: 13.25 (2380)
Time: 13.31 (2390)
Time: 13.37 (2400)
Time: 13.42 (2410)
Time: 13.49 (2420)
Time: 13.55 (2430)
Time: 13.63 (2440)
Time: 13.69 (2450)
Time: 13.75 (2460)
Time: 13.82 (2470)
Time: 13.89 (2480)
Time: 13.97 (2490)
Time: 14.06 (2500)
Time: 14.14 (2510)
Time: 14.22 (2520)
Time: 14.31 (2530)
Time: 14.39 (2540)
Time: 14.49 (2550)
Time: 14.58 (2560)
Time: 14.66 (2570)
Time: 14.74 (2580)
Time: 14.83 (2590)
Time: 14.91 (2600)
Time: 14.97 (2610)
Time: 15.07 (2620)
Time: 15.16 (2630)
Time: 15.23 (2640)
Time: 15.31 (2650)
Time: 15.40 (2660)
Time: 15.48 (2670)
Time: 15.57 (2680)
Time: 15.66 (2690)
Time: 15.81 (2700)
Time: 15.91 (2710)
Time: 16.00 (2720)
Time: 16.10 (2730)
Time: 16.19 (2740)
Time: 16.28 (2750)
Time: 16.37 (2760)
Time: 16.45 (2770)
Time: 16.54 (2780)
Time: 16.63 (2790)
Time: 16.72 (2800)
Time: 16.81 (2810)
Time: 16.89 (2820)
Time: 16.97 (2830)
Time: 17.04 (2840)
Time: 17.11 (2850)
Time: 17.19 (2860)
Time: 17.34 (2870)
Time: 17.45 (2880)
Time: 17.52 (2890)
Time: 17.59 (2900)
Time: 17.66 (2910)
Time: 17.73 (2920)
Time: 17.80 (2930)
Time: 17.86 (2940)
Time: 17.98 (2950)
Time: 18.06 (2960)
Time: 18.13 (2970)
Time: 18.21 (2980)
Time: 18.28 (2990)
Time: 18.35 (3000)
Time: 18.42 (3010)
Time: 18.48 (3020)
Time: 18.56 (3030)
Time: 18.62 (3040)
Time: 18.69 (3050)
Time: 18.77 (3060)
Time: 18.84 (3070)
Time: 18.91 (3080)
Time: 18.98 (3090)
Time: 19.05 (3100)
Time: 19.14 (3110)
Time: 19.21 (3120)
Time: 19.27 (3130)
Time: 19.34 (3140)
Time: 19.41 (3150)
Time: 19.50 (3160)
Time: 19.57 (3170)
Time: 19.63 (3180)
Time: 19.71 (3190)
Time: 19.79 (3200)
Time: 19.87 (3210)
Time: 19.94 (3220)
Time: 20.02 (3230)
Time: 20.10 (3240)
Time: 20.18 (3250)
Time: 20.26 (3260)
Time: 20.34 (3270)
Time: 20.44 (3280)
Time: 20.52 (3290)
Time: 20.58 (3300)
Time: 20.67 (3310)
Time: 20.74 (3320)
Time: 20.82 (3330)
Time: 20.91 (3340)
Time: 20.99 (3350)
Time: 21.08 (3360)
Time: 21.16 (3370)
Time: 21.25 (3380)
Time: 21.35 (3390)
Time: 21.43 (3400)
Time: 21.51 (3410)
Time: 21.60 (3420)
Time: 21.69 (3430)
Time: 21.80 (3440)
Time: 21.90 (3450)
Time: 21.99 (3460)
Time: 22.08 (3470)
Time: 22.17 (3480)
Time: 22.27 (3490)
Time: 22.36 (3500)
Time: 22.44 (3510)
Time: 22.53 (3520)
Time: 22.62 (3530)
Time: 22.70 (3540)
Time: 22.79 (3550)
Time: 22.87 (3560)
Time: 22.96 (3570)
Time: 23.05 (3580)
Time: 23.14 (3590)
Time: 23.23 (3600)
Time: 23.32 (3610)
Time: 23.41 (3620)
Time: 23.50 (3630)
Time: 23.60 (3640)
Time: 23.69 (3650)
Time: 23.79 (3660)
Time: 23.88 (3670)
Time: 23.96 (3680)
Time: 24.07 (3690)
Time: 24.15 (3700)
Time: 24.24 (3710)
Time: 24.33 (3720)
Time: 24.42 (3730)
Time: 24.52 (3740)
Time: 24.72 (3750)
Time: 24.83 (3760)
Time: 24.93 (3770)
Time: 25.01 (3780)
Time: 25.10 (3790)
Time: 25.19 (3800)
Time: 25.29 (3810)
Time: 25.38 (3820)
Time: 25.46 (3830)
Time: 25.55 (3840)
Time: 25.65 (3850)
Time: 25.75 (3860)
Time: 25.84 (3870)
Time: 25.93 (3880)
Time: 26.01 (3890)
Time: 26.10 (3900)
Time: 26.18 (3910)
Time: 26.27 (3920)
Time: 26.36 (3930)
Time: 26.46 (3940)
Time: 26.55 (3950)
Time: 26.63 (3960)
Time: 26.71 (3970)
Time: 26.81 (3980)
Time: 26.90 (3990)
Time: 26.98 (4000)
Time: 27.07 (4010)
Time: 27.15 (4020)
Time: 27.24 (4030)
Time: 27.32 (4040)
Time: 27.40 (4050)
Time: 27.48 (4060)
Time: 27.57 (4070)
Time: 27.66 (4080)
Time: 27.76 (4090)
Time: 27.85 (4100)
Time: 27.93 (4110)
Time: 28.03 (4120)
Time: 28.11 (4130)
Time: 28.20 (4140)
Time: 28.29 (4150)
Time: 28.38 (4160)
Time: 28.46 (4170)
Time: 28.55 (4180)
Time: 28.63 (4190)
Time: 28.73 (4200)
Time: 28.82 (4210)
Time: 28.95 (4220)
Time: 29.05 (4230)
Time: 29.14 (4240)
Time: 29.23 (4250)
Time: 29.31 (4260)
Time: 29.39 (4270)
Time: 29.48 (4280)
Time: 29.57 (4290)
Time: 29.64 (4300)
Time: 29.72 (4310)
Time: 29.81 (4320)
Time: 29.90 (4330)
Time: 29.99 (4340)
Time: 30.07 (4350)
Time: 30.14 (4360)
Time: 30.22 (4370)
Time: 30.31 (4380)
Time: 30.40 (4390)
Time: 30.49 (4400)
Time: 30.57 (4410)
Time: 30.66 (4420)
Time: 30.74 (4430)
Time: 30.82 (4440)
Time: 30.91 (4450)
Time: 30.99 (4460)
Time: 31.15 (4470)
Time: 31.24 (4480)
Time: 31.33 (4490)
Time: 31.42 (4500)
Time: 31.52 (4510)
Time: 31.63 (4520)
Time: 31.72 (4530)
Time: 31.80 (4540)
Time: 31.89 (4550)
Time: 31.97 (4560)
Time: 32.05 (4570)
Time: 32.14 (4580)
Time: 32.23 (4590)
Time: 32.32 (4600)
Time: 32.40 (4610)
Time: 32.49 (4620)
Time: 32.57 (4630)
Time: 32.66 (4640)
Time: 32.74 (4650)
Time: 32.82 (4660)
Time: 32.90 (4670)
Time: 32.97 (4680)
Time: 33.05 (4690)
Time: 33.14 (4700)
Time: 33.22 (4710)
Time: 33.31 (4720)
Time: 33.38 (4730)
Time: 33.47 (4740)
Time: 33.56 (4750)
Time: 33.70 (4760)
Time: 33.82 (4770)
Time: 33.89 (4780)
Time: 33.97 (4790)
Time: 34.06 (4800)
Time: 34.15 (4810)
Time: 34.25 (4820)
Time: 34.32 (4830)
Time: 34.40 (4840)
Time: 34.49 (4850)
Time: 34.57 (4860)
Time: 34.66 (4870)
Time: 34.75 (4880)
Time: 34.84 (4890)
Time: 34.92 (4900)
Time: 35.01 (4910)
Time: 35.10 (4920)
Time: 35.18 (4930)
Time: 35.26 (4940)
Time: 35.34 (4950)
Time: 35.42 (4960)
Time: 35.50 (4970)
Time: 35.58 (4980)
Time: 35.67 (4990)
Time: 35.77 (5000)
Time: 35.86 (5010)
Time: 35.93 (5020)
Time: 36.01 (5030)
Time: 36.09 (5040)
Time: 36.17 (5050)
Time: 36.25 (5060)
Time: 36.32 (5070)
Time: 36.39 (5080)
Time: 36.46 (5090)
Time: 36.54 (5100)
Time: 36.62 (5110)
Time: 36.71 (5120)
Time: 36.79 (5130)
Time: 36.87 (5140)
Time: 36.96 (5150)
Time: 37.05 (5160)
Time: 37.13 (5170)
Time: 37.23 (5180)
Time: 37.32 (5190)
Time: 37.39 (5200)
Time: 37.46 (5210)
Time: 37.53 (5220)
Time: 37.60 (5230)
Time: 37.70 (5240)
Time: 37.78 (5250)
Time: 37.86 (5260)
Time: 37.95 (5270)
Time: 38.02 (5280)
Time: 38.09 (5290)
Time: 38.18 (5300)
Time: 38.26 (5310)
Time: 38.34 (5320)
Time: 38.41 (5330)
Time: 38.49 (5340)
Time: 38.57 (5350)
Time: 38.67 (5360)
Time: 38.75 (5370)
Time: 38.84 (5380)
Time: 38.92 (5390)
Time: 39.01 (5400)
Time: 39.19 (5410)
Time: 39.28 (5420)
Time: 39.37 (5430)
Time: 39.46 (5440)
Time: 39.54 (5450)
Time: 39.61 (5460)
Time: 39.69 (5470)
Time: 39.78 (5480)
Time: 39.85 (5490)
Time: 39.95 (5500)
Time: 40.03 (5510)
Time: 40.11 (5520)
Time: 40.18 (5530)
Time: 40.30 (5540)
Time: 40.37 (5550)
Time: 40.45 (5560)
Time: 40.54 (5570)
Time: 40.61 (5580)
Time: 40.70 (5590)
Time: 40.80 (5600)
Time: 40.89 (5610)
Time: 40.98 (5620)
Time: 41.09 (5630)
Time: 41.18 (5640)
Time: 41.28 (5650)
Time: 41.38 (5660)
Time: 41.48 (5670)
Time: 41.57 (5680)
Time: 41.67 (5690)
Time: 41.76 (5700)
Time: 41.86 (5710)
Time: 41.96 (5720)
Time: 42.05 (5730)
Time: 42.14 (5740)
Time: 42.24 (5750)
Time: 42.33 (5760)
Time: 42.43 (5770)
Time: 42.52 (5780)
Time: 42.61 (5790)
Time: 42.71 (5800)
Time: 42.80 (5810)
Time: 42.89 (5820)
Time: 42.99 (5830)
Time: 43.09 (5840)
Time: 43.24 (5850)
Time: 43.33 (5860)
Time: 43.43 (5870)
Time: 43.53 (5880)
Time: 43.61 (5890)
Time: 43.69 (5900)
Time: 43.79 (5910)
Time: 43.89 (5920)
Time: 43.98 (5930)
Time: 44.08 (5940)
Time: 44.17 (5950)
Time: 44.27 (5960)
Time: 44.37 (5970)
Time: 44.45 (5980)
Time: 44.54 (5990)
Time: 44.64 (6000)
Time: 44.72 (6010)
Time: 44.83 (6020)
Time: 44.91 (6030)
Time: 45.01 (6040)
Time: 45.13 (6050)
Time: 45.21 (6060)
Time: 45.32 (6070)
Time: 45.40 (6080)
Time: 45.50 (6090)
Time: 45.59 (6100)
Time: 45.67 (6110)
Time: 45.77 (6120)
Time: 45.86 (6130)
Time: 45.95 (6140)
Time: 46.04 (6150)
Time: 46.13 (6160)
Time: 46.22 (6170)
Time: 46.31 (6180)
Time: 46.39 (6190)
Time: 46.46 (6200)
Time: 46.55 (6210)
Time: 46.63 (6220)
Time: 46.71 (6230)
Time: 46.78 (6240)
Time: 46.87 (6250)
Time: 46.96 (6260)
Time: 47.04 (6270)
Time: 47.15 (6280)
Time: 47.24 (6290)
Time: 47.34 (6300)
Time: 47.42 (6310)
Time: 47.49 (6320)
Time: 47.57 (6330)
Time: 47.64 (6340)
Time: 47.72 (6350)
Time: 47.79 (6360)
Time: 47.86 (6370)
Time: 47.94 (6380)
Time: 48.01 (6390)
Time: 48.08 (6400)
Time: 48.16 (6410)
Time: 48.23 (6420)
Time: 48.31 (6430)
Time: 48.39 (6440)
Time: 48.47 (6450)
Time: 48.54 (6460)
Time: 48.61 (6470)
Time: 48.71 (6480)
Time: 48.79 (6490)
Time: 48.88 (6500)
Time: 48.95 (6510)
Time: 49.04 (6520)
Time: 49.15 (6530)
Time: 49.25 (6540)
Time: 49.36 (6550)
Time: 49.47 (6560)
Time: 49.57 (6570)
Time: 49.65 (6580)
Time: 50.06 (6590)
Time: 50.19 (6600)
Time: 50.28 (6610)
Time: 50.36 (6620)
Time: 50.45 (6630)
Time: 50.53 (6640)
Time: 50.63 (6650)
Time: 50.71 (6660)
Time: 50.80 (6670)
Time: 50.88 (6680)
Time: 50.98 (6690)
Time: 51.08 (6700)
Time: 51.17 (6710)
Time: 51.29 (6720)
Time: 51.38 (6730)
Time: 51.47 (6740)
Time: 51.57 (6750)
Time: 51.67 (6760)
Time: 51.76 (6770)
Time: 51.84 (6780)
Time: 51.95 (6790)
Time: 52.07 (6800)
Time: 52.16 (6810)
Time: 52.25 (6820)
Time: 52.33 (6830)
Time: 52.43 (6840)
Time: 52.54 (6850)
Time: 52.63 (6860)
Time: 52.72 (6870)
Time: 52.82 (6880)
Time: 52.90 (6890)
Time: 52.98 (6900)
Time: 53.06 (6910)
Time: 53.15 (6920)
Time: 53.24 (6930)
Time: 53.31 (6940)
Time: 53.38 (6950)
Time: 53.46 (6960)
Time: 53.54 (6970)
Time: 53.62 (6980)
Time: 53.71 (6990)
Time: 53.80 (7000)
Time: 53.89 (7010)
Time: 53.96 (7020)
Time: 54.05 (7030)
Time: 54.13 (7040)
Time: 54.21 (7050)
Time: 54.31 (7060)
Time: 54.39 (7070)
Time: 54.46 (7080)
Time: 54.53 (7090)
Time: 54.61 (7100)
Time: 54.68 (7110)
Time: 54.74 (7120)
Time: 54.81 (7130)
Time: 54.87 (7140)
Time: 54.94 (7150)
Time: 54.99 (7160)
Time: 55.06 (7170)
Time: 55.13 (7180)
Time: 55.21 (7190)
Time: 55.29 (7200)
Time: 55.39 (7210)
Time: 55.48 (7220)
Time: 55.55 (7230)
Time: 55.63 (7240)
Time: 55.73 (7250)
Time: 55.82 (7260)
Time: 55.93 (7270)
Time: 56.03 (7280)
Time: 56.14 (7290)
Time: 56.27 (7300)
Time: 56.37 (7310)
Time: 56.49 (7320)
Time: 56.59 (7330)
Time: 56.70 (7340)
Time: 56.81 (7350)
Time: 56.91 (7360)
Time: 57.03 (7370)
Time: 57.14 (7380)
Time: 57.25 (7390)
Time: 57.34 (7400)
Time: 57.44 (7410)
Time: 57.55 (7420)
Time: 57.64 (7430)
Time: 57.74 (7440)
Time: 57.85 (7450)
Time: 57.95 (7460)
Time: 58.05 (7470)
Time: 58.14 (7480)
Time: 58.24 (7490)
Time: 58.36 (7500)
Time: 58.46 (7510)
Time: 58.58 (7520)
Time: 58.69 (7530)
Time: 58.81 (7540)
Time: 58.91 (7550)
Time: 59.01 (7560)
Time: 59.12 (7570)
Time: 59.23 (7580)
Time: 59.35 (7590)
Time: 59.46 (7600)
Time: 59.59 (7610)
Time: 59.69 (7620)
Time: 59.81 (7630)
Time: 59.92 (7640)
Time: 60.03 (7650)
Time: 60.13 (7660)
Time: 60.24 (7670)
Time: 60.34 (7680)
Time: 60.46 (7690)
Time: 60.56 (7700)
Time: 60.66 (7710)
Time: 60.77 (7720)
Time: 60.89 (7730)
Time: 61.00 (7740)
Time: 61.11 (7750)
Time: 61.22 (7760)
Time: 61.34 (7770)
Time: 61.45 (7780)
Time: 61.56 (7790)
Time: 61.66 (7800)
Time: 61.77 (7810)
Time: 61.89 (7820)
Time: 62.00 (7830)
Time: 62.11 (7840)
Time: 62.22 (7850)
Time: 62.33 (7860)
Time: 62.43 (7870)
Time: 62.54 (7880)
Time: 62.65 (7890)
Time: 62.75 (7900)
Time: 62.85 (7910)
Time: 62.96 (7920)
Time: 63.06 (7930)
Time: 63.18 (7940)
Time: 63.30 (7950)
Time: 63.40 (7960)
Time: 63.48 (7970)
Time: 63.58 (7980)
Time: 63.69 (7990)
Time: 63.83 (8000)
Time: 63.93 (8010)
Time: 64.03 (8020)
Time: 64.17 (8030)
Time: 64.30 (8040)
Time: 64.43 (8050)
Time: 64.55 (8060)
Time: 64.68 (8070)
Time: 64.81 (8080)
Time: 64.95 (8090)
Time: 65.10 (8100)
Time: 65.25 (8110)
Time: 65.38 (8120)
Time: 65.53 (8130)
Time: 65.64 (8140)
Time: 65.77 (8150)
Time: 65.86 (8160)
Time: 65.97 (8170)
Time: 66.07 (8180)
Time: 66.17 (8190)
Time: 66.29 (8200)
Time: 66.42 (8210)
Time: 66.53 (8220)
Time: 66.64 (8230)
Time: 66.76 (8240)
Time: 66.87 (8250)
Time: 66.99 (8260)
Time: 67.10 (8270)
Time: 67.21 (8280)
Time: 67.32 (8290)
Time: 67.43 (8300)
Time: 67.54 (8310)
Time: 67.64 (8320)
Time: 67.77 (8330)
Time: 67.87 (8340)
Time: 67.97 (8350)
Time: 68.08 (8360)
Time: 68.20 (8370)
Time: 68.32 (8380)
Time: 68.43 (8390)
Time: 68.55 (8400)
Time: 68.67 (8410)
Time: 68.79 (8420)
Time: 68.91 (8430)
Time: 69.03 (8440)
Time: 69.15 (8450)
Time: 69.27 (8460)
Time: 69.38 (8470)
Time: 69.49 (8480)
Time: 69.61 (8490)
Time: 69.72 (8500)
Time: 69.84 (8510)
Time: 69.94 (8520)
Time: 70.04 (8530)
Time: 70.14 (8540)
Time: 70.24 (8550)
Time: 70.34 (8560)
Time: 70.45 (8570)
Time: 70.57 (8580)
Time: 70.71 (8590)
Time: 70.81 (8600)
Time: 70.92 (8610)
Time: 71.01 (8620)
Time: 71.08 (8630)
Time: 71.17 (8640)
Time: 71.27 (8650)
Time: 71.35 (8660)
Time: 71.44 (8670)
Time: 71.52 (8680)
Time: 71.63 (8690)
Time: 71.74 (8700)
Time: 71.83 (8710)
Time: 71.95 (8720)
Time: 72.05 (8730)
Time: 72.13 (8740)
Time: 72.21 (8750)
Time: 72.30 (8760)
Time: 72.38 (8770)
Time: 72.45 (8780)
Time: 72.53 (8790)
Time: 72.61 (8800)
Time: 72.68 (8810)
Time: 72.77 (8820)
Time: 72.84 (8830)
Time: 72.93 (8840)
Time: 73.02 (8850)
Time: 73.12 (8860)
Time: 73.21 (8870)
Time: 73.29 (8880)
Time: 73.37 (8890)
Time: 73.46 (8900)
Time: 73.54 (8910)
Time: 73.62 (8920)
Time: 73.70 (8930)
Time: 73.77 (8940)
Time: 73.86 (8950)
Time: 73.95 (8960)
Time: 74.06 (8970)
Time: 74.14 (8980)
Time: 74.23 (8990)
Time: 74.35 (9000)
Time: 74.47 (9010)
Time: 74.64 (9020)
Time: 74.74 (9030)
Time: 74.83 (9040)
Time: 74.92 (9050)
Time: 75.03 (9060)
Time: 75.15 (9070)
Time: 75.26 (9080)
Time: 75.38 (9090)
Time: 75.52 (9100)
Time: 75.64 (9110)
Time: 75.76 (9120)
Time: 75.98 (9130)
Time: 76.10 (9140)
Time: 76.22 (9150)
Time: 76.35 (9160)
Time: 76.47 (9170)
Time: 76.58 (9180)
Time: 76.67 (9190)
Time: 76.77 (9200)
Time: 76.87 (9210)
Time: 76.95 (9220)
Time: 77.04 (9230)
Time: 77.13 (9240)
Time: 77.22 (9250)
Time: 77.28 (9260)
Time: 77.35 (9270)
Time: 77.43 (9280)
Time: 77.52 (9290)
Time: 77.60 (9300)
Time: 77.69 (9310)
Time: 77.78 (9320)
Time: 77.86 (9330)
Time: 77.94 (9340)
Time: 78.03 (9350)
Time: 78.11 (9360)
Time: 78.20 (9370)
Time: 78.28 (9380)
Time: 78.37 (9390)
Time: 78.46 (9400)
Time: 78.55 (9410)
Time: 78.64 (9420)
Time: 78.73 (9430)
Time: 78.82 (9440)
Time: 78.92 (9450)
Time: 79.00 (9460)
Time: 79.12 (9470)
Time: 79.21 (9480)
Time: 79.29 (9490)
Time: 79.41 (9500)
Time: 79.48 (9510)
Time: 79.57 (9520)
Time: 79.65 (9530)
Time: 79.73 (9540)
Time: 79.84 (9550)
Time: 79.93 (9560)
Time: 80.02 (9570)
Time: 80.11 (9580)
Time: 80.20 (9590)
Time: 80.30 (9600)
Time: 80.40 (9610)
Time: 80.52 (9620)
Time: 80.61 (9630)
Time: 80.71 (9640)
Time: 80.83 (9650)
Time: 80.91 (9660)
Time: 81.00 (9670)
Time: 81.12 (9680)
Time: 81.22 (9690)
Time: 81.31 (9700)
Time: 81.42 (9710)
Time: 81.53 (9720)
Time: 81.63 (9730)
Time: 81.72 (9740)
Time: 81.80 (9750)
Time: 81.89 (9760)
Time: 81.98 (9770)
Time: 82.08 (9780)
Time: 82.18 (9790)
Time: 82.28 (9800)
Time: 82.40 (9810)
Time: 82.50 (9820)
Time: 82.59 (9830)
Time: 82.77 (9840)
Time: 82.91 (9850)
Time: 83.00 (9860)
Time: 83.11 (9870)
Time: 83.21 (9880)
Time: 83.30 (9890)
Time: 83.40 (9900)
Time: 83.49 (9910)
Time: 83.60 (9920)
Time: 83.71 (9930)
Time: 83.80 (9940)
Time: 83.91 (9950)
Time: 84.01 (9960)
Time: 84.11 (9970)
Time: 84.21 (9980)
Time: 84.32 (9990)
Time: 84.45 (10000)
Time: 84.56 (10010)
Time: 84.67 (10020)
Time: 84.79 (10030)
Time: 84.92 (10040)
Time: 85.05 (10050)
Time: 85.18 (10060)
Time: 85.30 (10070)
Time: 85.42 (10080)
Time: 85.55 (10090)
Time: 85.67 (10100)
Time: 85.80 (10110)
Time: 85.92 (10120)
Time: 86.01 (10130)
Time: 86.11 (10140)
Time: 86.22 (10150)
Time: 86.35 (10160)
Time: 86.48 (10170)
Time: 86.60 (10180)
Time: 86.73 (10190)
Time: 86.88 (10200)
Time: 86.99 (10210)
Time: 87.14 (10220)
Time: 87.27 (10230)
Time: 87.37 (10240)
Time: 87.48 (10250)
Time: 87.61 (10260)
Time: 87.73 (10270)
Time: 87.85 (10280)
Time: 87.98 (10290)
Time: 88.08 (10300)
Time: 88.22 (10310)
Time: 88.32 (10320)
Time: 88.42 (10330)
Time: 88.54 (10340)
Time: 88.67 (10350)
Time: 88.77 (10360)
Time: 88.89 (10370)
Time: 89.02 (10380)
Time: 89.18 (10390)
Time: 89.34 (10400)
Time: 89.49 (10410)
Time: 89.64 (10420)
Time: 89.78 (10430)
Time: 89.92 (10440)
Time: 90.07 (10450)
Time: 90.20 (10460)
Time: 90.35 (10470)
Time: 90.48 (10480)
Time: 90.61 (10490)
Time: 90.78 (10500)
Time: 90.90 (10510)
Time: 91.00 (10520)
Time: 91.14 (10530)
Time: 91.28 (10540)
Time: 91.44 (10550)
Time: 91.57 (10560)
Time: 91.70 (10570)
Time: 91.85 (10580)
Time: 92.00 (10590)
Time: 92.13 (10600)
Time: 92.36 (10610)
Time: 92.49 (10620)
Time: 92.62 (10630)
Time: 92.75 (10640)
Time: 92.89 (10650)
Time: 93.04 (10660)
Time: 93.21 (10670)
Time: 93.34 (10680)
Time: 93.49 (10690)
Time: 93.64 (10700)
Time: 93.81 (10710)
Time: 93.95 (10720)
Time: 94.09 (10730)
Time: 94.24 (10740)
Time: 94.40 (10750)
Time: 94.57 (10760)
Time: 94.73 (10770)
Time: 94.87 (10780)
Time: 94.99 (10790)
Time: 95.10 (10800)
Time: 95.20 (10810)
Time: 95.31 (10820)
Time: 95.41 (10830)
Time: 95.51 (10840)
Time: 95.61 (10850)
Time: 95.71 (10860)
Time: 95.80 (10870)
Time: 95.90 (10880)
Time: 96.03 (10890)
Time: 96.18 (10900)
Time: 96.30 (10910)
Time: 96.42 (10920)
Time: 96.53 (10930)
Time: 96.67 (10940)
Time: 96.79 (10950)
Time: 96.92 (10960)
Time: 97.01 (10970)
Time: 97.15 (10980)
Time: 97.25 (10990)
Time: 97.40 (11000)
Time: 97.54 (11010)
Time: 97.67 (11020)
Time: 97.79 (11030)
Time: 97.90 (11040)
Time: 98.01 (11050)
Time: 98.12 (11060)
Time: 98.23 (11070)
Time: 98.34 (11080)
Time: 98.46 (11090)
Time: 98.57 (11100)
Time: 98.70 (11110)
Time: 98.81 (11120)
Time: 98.92 (11130)
Time: 99.13 (11140)
Time: 99.24 (11150)
Time: 99.34 (11160)
Time: 99.45 (11170)
Time: 99.56 (11180)
Time: 99.65 (11190)
Time: 99.75 (11200)
Time: 99.86 (11210)
Time: 99.97 (11220)
Time: 100.09 (11230)
Time: 100.20 (11240)
Time: 100.31 (11250)
Time: 100.45 (11260)
Time: 100.55 (11270)
Time: 100.66 (11280)
Time: 100.79 (11290)
Time: 100.94 (11300)
Resampled 1130 times
Finished in time: 100.97
